/opt/anaconda3/lib/python3.6/site-packages/conda_build/utils.py:1209: UserWarning: RECIPE_PATH received is a file. File: recipe/meta.yaml
It should be a path to a folder. 
Forcing conda-build to use the recipe file.
  UserWarning
No numpy version specified in conda_build_config.yaml.  Falling back to default numpy value of 1.11
WARNING:conda_build.metadata:No numpy version specified in conda_build_config.yaml.  Falling back to default numpy value of 1.11
Adding in variants from internal_defaults
INFO:conda_build.variants:Adding in variants from internal_defaults
Attempting to finalize metadata for torchtuples
INFO:conda_build.metadata:Attempting to finalize metadata for torchtuples
Collecting package metadata (repodata.json): ...working... done
Solving environment: ...working... done
Collecting package metadata (repodata.json): ...working... done
Solving environment: ...working... done
BUILD START: ['torchtuples-0.2.0-py_0.tar.bz2']
Collecting package metadata (repodata.json): ...working... done
Solving environment: ...working... done

## Package Plan ##

  environment location: /opt/anaconda3/conda-bld/torchtuples_1587592152000/_h_env_placehold_placehold_placehold_placehold_placehold_placehold_placehold_placehold_placehold_placehold_placehold_placehold_placehold_placehold_placehold_placehold_placehold_placehold_placehold_placeho


The following NEW packages will be INSTALLED:

    _libgcc_mutex:         0.1-main               
    blas:                  1.0-openblas           
    ca-certificates:       2020.1.1-0             
    certifi:               2020.4.5.1-py36_0      
    cycler:                0.10.0-py36_0          
    freetype:              2.9.1-h8a8886c_0       
    icu:                   58.2-h64fc554_1        
    kiwisolver:            1.1.0-py36he6710b0_0   
    ld_impl_linux-ppc64le: 2.33.1-h0f24833_7      
    libedit:               3.1.20181209-hc058e9b_0
    libffi:                3.2.1-hf62a594_5       
    libgcc-ng:             8.2.0-h822a55f_1       
    libgfortran-ng:        7.3.0-h822a55f_1       
    libopenblas:           0.3.6-h5a2b251_1       
    libpng:                1.6.37-hbc83047_0      
    libstdcxx-ng:          8.2.0-h822a55f_1       
    matplotlib:            3.1.3-py36_0           
    matplotlib-base:       3.1.3-py36h4fdacc2_0   
    ncurses:               6.2-he6710b0_0         
    numpy:                 1.18.1-py36h94c655d_0  
    numpy-base:            1.18.1-py36h2f8d375_1  
    openssl:               1.1.1g-h7b6447c_0      
    pandas:                1.0.3-py36h0573a6f_0   
    pip:                   20.0.2-py36_1          
    pyparsing:             2.4.6-py_0             
    python:                3.6.10-ha29dc6b_1      
    python-dateutil:       2.8.1-py_0             
    pytz:                  2019.3-py_0            
    readline:              8.0-h7b6447c_0         
    setuptools:            46.1.3-py36_0          
    six:                   1.14.0-py36_0          
    sqlite:                3.31.1-hbc83047_1      
    tk:                    8.6.8-hbc83047_0       
    tornado:               6.0.4-py36h7b6447c_1   
    wheel:                 0.34.2-py36_0          
    xz:                    5.2.5-h7b6447c_0       
    zlib:                  1.2.11-h7b6447c_3      

Preparing transaction: ...working... done
Verifying transaction: ...working... done
Executing transaction: ...working... done
Collecting package metadata (repodata.json): ...working... done
Solving environment: ...working... done
Cloning into '/opt/anaconda3/conda-bld/torchtuples_1587592152000/work'...
done.
Note: checking out 'v0.2.0'.

You are in 'detached HEAD' state. You can look around, make experimental
changes and commit them, and you can discard any commits you make in this
state without impacting any branches by performing another checkout.

If you want to create a new branch to retain commits you create, you may
do so (now or later) by using -b with the checkout command again. Example:

  git checkout -b new_branch_name

HEAD is now at 3cef86f... Updated readme example
Applying: relax tolerance for one testcase
warning: build_py: byte-compiling is disabled, skipping.

warning: install_lib: byte-compiling is disabled, skipping.

commit 3cef86f3a4e9372b5e2332371d3a30480c120fe7
Author: havakv <haavard.kvamme@gmail..com>
Date:   Tue Dec 17 11:12:54 2019 +0100

    Updated readme example

v0.2.0

# HEAD detached at v0.2.0
nothing to commit, working directory clean

checkout: 'v0.2.0'
==> git log -n1 <==

==> git describe --tags --dirty <==

==> git status <==

source tree in: /opt/anaconda3/conda-bld/torchtuples_1587592152000/work
export PREFIX=/opt/anaconda3/conda-bld/torchtuples_1587592152000/_h_env_placehold_placehold_placehold_placehold_placehold_placehold_placehold_placehold_placehold_placehold_placehold_placehold_placehold_placehold_placehold_placehold_placehold_placehold_placehold_placeho
export BUILD_PREFIX=/opt/anaconda3/conda-bld/torchtuples_1587592152000/_build_env
export SRC_DIR=/opt/anaconda3/conda-bld/torchtuples_1587592152000/work
running install
running build
running build_py
creating build
creating build/lib
creating build/lib/torchtuples
copying torchtuples/__init__.py -> build/lib/torchtuples
copying torchtuples/_legacy_v1_1_0.py -> build/lib/torchtuples
copying torchtuples/base.py -> build/lib/torchtuples
copying torchtuples/callbacks.py -> build/lib/torchtuples
copying torchtuples/data.py -> build/lib/torchtuples
copying torchtuples/lr_scheduler.py -> build/lib/torchtuples
copying torchtuples/optim.py -> build/lib/torchtuples
copying torchtuples/practical.py -> build/lib/torchtuples
copying torchtuples/testing.py -> build/lib/torchtuples
copying torchtuples/tupletree.py -> build/lib/torchtuples
copying torchtuples/utils.py -> build/lib/torchtuples
running egg_info
creating torchtuples.egg-info
writing torchtuples.egg-info/PKG-INFO
writing dependency_links to torchtuples.egg-info/dependency_links.txt
writing requirements to torchtuples.egg-info/requires.txt
writing top-level names to torchtuples.egg-info/top_level.txt
writing manifest file 'torchtuples.egg-info/SOURCES.txt'
reading manifest file 'torchtuples.egg-info/SOURCES.txt'
writing manifest file 'torchtuples.egg-info/SOURCES.txt'
running install_lib
creating $PREFIX/lib/python3.6/site-packages/torchtuples
copying build/lib/torchtuples/__init__.py -> $PREFIX/lib/python3.6/site-packages/torchtuples
copying build/lib/torchtuples/_legacy_v1_1_0.py -> $PREFIX/lib/python3.6/site-packages/torchtuples
copying build/lib/torchtuples/base.py -> $PREFIX/lib/python3.6/site-packages/torchtuples
copying build/lib/torchtuples/callbacks.py -> $PREFIX/lib/python3.6/site-packages/torchtuples
copying build/lib/torchtuples/data.py -> $PREFIX/lib/python3.6/site-packages/torchtuples
copying build/lib/torchtuples/lr_scheduler.py -> $PREFIX/lib/python3.6/site-packages/torchtuples
copying build/lib/torchtuples/optim.py -> $PREFIX/lib/python3.6/site-packages/torchtuples
copying build/lib/torchtuples/practical.py -> $PREFIX/lib/python3.6/site-packages/torchtuples
copying build/lib/torchtuples/testing.py -> $PREFIX/lib/python3.6/site-packages/torchtuples
copying build/lib/torchtuples/tupletree.py -> $PREFIX/lib/python3.6/site-packages/torchtuples
copying build/lib/torchtuples/utils.py -> $PREFIX/lib/python3.6/site-packages/torchtuples
running install_egg_info
Copying torchtuples.egg-info to $PREFIX/lib/python3.6/site-packages/torchtuples-0.2.0-py3.6.egg-info
running install_scripts
writing list of installed files to 'record.txt'

Resource usage statistics from building torchtuples:
   Process count: 1
   CPU time: unavailable
   Memory: 3.6M
   Disk usage: 1.2K
   Time elapsed: 0:00:02.0

Packaging torchtuples
INFO:conda_build.build:Packaging torchtuples
INFO conda_build.build:build(1566): Packaging torchtuples
Packaging torchtuples-0.2.0-py_0
INFO:conda_build.build:Packaging torchtuples-0.2.0-py_0
INFO conda_build.build:bundle_conda(886): Packaging torchtuples-0.2.0-py_0
Importing conda-verify failed.  Please be sure to test your packages.  conda install conda-verify to make this message go away.
WARNING:conda_build.build:Importing conda-verify failed.  Please be sure to test your packages.  conda install conda-verify to make this message go away.
WARNING conda_build.build:bundle_conda(1037): Importing conda-verify failed.  Please be sure to test your packages.  conda install conda-verify to make this message go away.
number of files: 17
Fixing permissions
Packaged license file/s.
WARNING: Detecting which files contain PREFIX is slow, installing ripgrep makes it faster. 'conda install ripgrep'
TEST START: /opt/anaconda3/conda-bld/noarch/torchtuples-0.2.0-py_0.tar.bz2
Adding in variants from /tmp/tmpu476sa08/info/recipe/conda_build_config.yaml
INFO:conda_build.variants:Adding in variants from /tmp/tmpu476sa08/info/recipe/conda_build_config.yaml
INFO conda_build.variants:_combine_spec_dictionaries(188): Adding in variants from /tmp/tmpu476sa08/info/recipe/conda_build_config.yaml
Renaming work directory,  /opt/anaconda3/conda-bld/torchtuples_1587592152000/work  to  /opt/anaconda3/conda-bld/torchtuples_1587592152000/work_moved_torchtuples-0.2.0-py_0_noarch
Collecting package metadata (repodata.json): ...working... done
Solving environment: ...working... done

## Package Plan ##

  environment location: /opt/anaconda3/conda-bld/torchtuples_1587592152000/_test_env_placehold_placehold_placehold_placehold_placehold_placehold_placehold_placehold_placehold_placehold_placehold_placehold_placehold_placehold_placehold_placehold_placehold_placehold_placehold_pl


The following NEW packages will be INSTALLED:

    _libgcc_mutex:         0.1-main                                                                                                  
    _pytorch_select:       2.0-gpu_20251.ga479d1e            https://public.dhe.ibm.com/ibmdl/export/pub/software/server/ibm-ai/conda
    absl-py:               0.7.1-py37_0                                                                                              
    apex:                  0.1.0_1.6.2-py37_596.g1eb5c77     https://public.dhe.ibm.com/ibmdl/export/pub/software/server/ibm-ai/conda
    asn1crypto:            1.3.0-py37_0                                                                                              
    atomicwrites:          1.3.0-py37_1                                                                                              
    attrs:                 19.3.0-py_0                                                                                               
    blas:                  1.0-openblas                                                                                              
    bzip2:                 1.0.8-h7b6447c_0                                                                                          
    c-ares:                1.15.0-h7b6447c_1001                                                                                      
    ca-certificates:       2020.1.1-0                                                                                                
    cairo:                 1.14.12-h8948797_3                                                                                        
    certifi:               2020.4.5.1-py37_0                                                                                         
    cffi:                  1.12.3-py37h2e261b9_0                                                                                     
    chardet:               3.0.4-py37_1003                                                                                           
    click:                 7.0-py37_0                                                                                                
    cloudpickle:           1.3.0-py_0                                                                                                
    coverage:              4.5.4-py37h7b6447c_0                                                                                      
    cryptography:          2.8-py37h1ba5d50_0                                                                                        
    cudatoolkit:           10.1.243-616.gc122b8b             https://public.dhe.ibm.com/ibmdl/export/pub/software/server/ibm-ai/conda
    cudnn:                 7.6.3_10.1-590.g5627c5e           https://public.dhe.ibm.com/ibmdl/export/pub/software/server/ibm-ai/conda
    cycler:                0.10.0-py37_0                                                                                             
    cytoolz:               0.10.1-py37h7b6447c_0                                                                                     
    dask-core:             2.14.0-py_0                                                                                               
    ddl:                   1.5.0-py37_1287.gc90c6f2          https://public.dhe.ibm.com/ibmdl/export/pub/software/server/ibm-ai/conda
    decorator:             4.4.2-py_0                                                                                                
    ffmpeg:                4.2.2-h20bf706_0                                                                                          
    fontconfig:            2.13.0-h9420a91_0                                                                                         
    freeglut:              3.0.0-hf484d3e_5                                                                                          
    freetype:              2.9.1-h8a8886c_0                                                                                          
    future:                0.17.1-py37_0                                                                                             
    glib:                  2.63.1-h5a9c865_0                                                                                         
    gmp:                   6.1.2-h7f7056e_2                                                                                          
    gnutls:                3.6.5-h71b1129_1002                                                                                       
    graphite2:             1.3.13-h23475e2_0                                                                                         
    graphsurgeon:          0.4.1-py37_628.g4ac44fb           https://public.dhe.ibm.com/ibmdl/export/pub/software/server/ibm-ai/conda
    grpcio:                1.16.1-py37hf8bcb03_1                                                                                     
    harfbuzz:              1.8.8-hffaf4a1_0                                                                                          
    hdf5:                  1.10.2-hba1933b_1                                                                                         
    hypothesis:            3.59.1-py37h39e3cac_0                                                                                     
    icu:                   58.2-h64fc554_1                                                                                           
    idna:                  2.8-py37_0                                                                                                
    imageio:               2.8.0-py_0                                                                                                
    importlib_metadata:    1.5.0-py37_0                                                                                              
    jasper:                2.0.14-h07fcdf6_1                                                                                         
    jpeg:                  9b-hcb7ba68_2                                                                                             
    kiwisolver:            1.1.0-py37he6710b0_0                                                                                      
    lame:                  3.100-h7b6447c_0                                                                                          
    ld_impl_linux-ppc64le: 2.33.1-h0f24833_7                                                                                         
    leveldb:               1.20-hf484d3e_1                                                                                           
    libedit:               3.1.20181209-hc058e9b_0                                                                                   
    libffi:                3.2.1-hf62a594_5                                                                                          
    libgcc-ng:             8.2.0-h822a55f_1                                                                                          
    libgfortran-ng:        7.3.0-h822a55f_1                                                                                          
    libglu:                9.0.0-hf484d3e_1                                                                                          
    libopenblas:           0.3.6-h5a2b251_1                                                                                          
    libopencv:             3.4.7-742.g5e2fea8                https://public.dhe.ibm.com/ibmdl/export/pub/software/server/ibm-ai/conda
    libopus:               1.3.1-h7b6447c_0                                                                                          
    libpng:                1.6.37-hbc83047_0                                                                                         
    libprotobuf:           3.8.0-577.g45759bb                https://public.dhe.ibm.com/ibmdl/export/pub/software/server/ibm-ai/conda
    libstdcxx-ng:          8.2.0-h822a55f_1                                                                                          
    libtiff:               4.1.0-h2733197_0                                                                                          
    libuuid:               1.0.3-h1bed415_2                                                                                          
    libvpx:                1.7.0-hf484d3e_0                                                                                          
    libxcb:                1.13-h1bed415_0                                                                                           
    libxml2:               2.9.9-hea5a465_1                                                                                          
    llvmlite:              0.29.0-py37hd408876_0                                                                                     
    lmdb:                  0.9.22-hf484d3e_1                                                                                         
    markdown:              3.1.1-py37_0                                                                                              
    matplotlib:            3.1.3-py37_0                                                                                              
    matplotlib-base:       3.1.3-py37h4fdacc2_0                                                                                      
    mock:                  2.0.0-py37_0                                                                                              
    more-itertools:        8.2.0-py_0                                                                                                
    nccl:                  2.4.8-586.gdba67b7                https://public.dhe.ibm.com/ibmdl/export/pub/software/server/ibm-ai/conda
    ncurses:               6.2-he6710b0_0                                                                                            
    nettle:                3.4.1-hbb512f6_0                                                                                          
    networkx:              2.2-py37_1                                                                                                
    ninja:                 1.9.0-py37hfd86e86_0                                                                                      
    numactl:               2.0.12-573.gdf5dc62               https://public.dhe.ibm.com/ibmdl/export/pub/software/server/ibm-ai/conda
    numba:                 0.45.1-py37h962f231_0                                                                                     
    numpy:                 1.16.6-py37h30dfecb_0                                                                                     
    numpy-base:            1.16.6-py37h2f8d375_0                                                                                     
    olefile:               0.46-py37_0                                                                                               
    onnx:                  1.5.0-py37_614.gd049fd7           https://public.dhe.ibm.com/ibmdl/export/pub/software/server/ibm-ai/conda
    opencv:                3.4.7-py37_742.g5e2fea8           https://public.dhe.ibm.com/ibmdl/export/pub/software/server/ibm-ai/conda
    openh264:              2.1.0-hd408876_0                                                                                          
    openssl:               1.1.1g-h7b6447c_0                                                                                         
    pandas:                1.0.3-py37h0573a6f_0                                                                                      
    pbr:                   5.4.4-py_0                                                                                                
    pciutils:              3.6.2-571.g2316d13                https://public.dhe.ibm.com/ibmdl/export/pub/software/server/ibm-ai/conda
    pcre:                  8.43-he6710b0_0                                                                                           
    pillow:                7.0.0-py37haac5956_0                                                                                      
    pip:                   20.0.2-py37_1                                                                                             
    pixman:                0.34.0-h1f8d8dc_3                                                                                         
    pluggy:                0.13.1-py37_0                                                                                             
    powerai-license:       1.6.2-716.g7081e12                https://public.dhe.ibm.com/ibmdl/export/pub/software/server/ibm-ai/conda
    powerai-release:       1.6.2-572.gb216c2c                https://public.dhe.ibm.com/ibmdl/export/pub/software/server/ibm-ai/conda
    powerai-tools:         1.6.2-565.g97f2c3f                https://public.dhe.ibm.com/ibmdl/export/pub/software/server/ibm-ai/conda
    protobuf:              3.8.0-py37_587.gab45ad3           https://public.dhe.ibm.com/ibmdl/export/pub/software/server/ibm-ai/conda
    psutil:                5.5.0-py37h7b6447c_0                                                                                      
    py:                    1.8.1-py_0                                                                                                
    py-opencv:             3.4.7-py37_742.g5e2fea8           https://public.dhe.ibm.com/ibmdl/export/pub/software/server/ibm-ai/conda
    pycparser:             2.20-py_0                                                                                                 
    pyopenssl:             19.1.0-py37_0                                                                                             
    pyparsing:             2.4.6-py_0                                                                                                
    pysocks:               1.7.1-py37_0                                                                                              
    pytest:                4.4.2-py37_0                                                                                              
    python:                3.7.7-ha29dc6b_0_cpython                                                                                  
    python-dateutil:       2.8.1-py_0                                                                                                
    python-lmdb:           0.94-py37h14c3975_0                                                                                       
    pytorch:               1.2.0-20251.ga479d1e              https://public.dhe.ibm.com/ibmdl/export/pub/software/server/ibm-ai/conda
    pytorch-base:          1.2.0-gpu_py37_20251.ga479d1e     https://public.dhe.ibm.com/ibmdl/export/pub/software/server/ibm-ai/conda
    pytz:                  2019.3-py_0                                                                                               
    pywavelets:            1.1.1-py37h7b6447c_0                                                                                      
    pyyaml:                5.1.2-py37h7b6447c_0                                                                                      
    readline:              8.0-h7b6447c_0                                                                                            
    requests:              2.22.0-py37_1                                                                                             
    scikit-image:          0.15.0-py37he6710b0_0                                                                                     
    scipy:                 1.3.1-py37he2b7bc3_0                                                                                      
    setuptools:            46.1.3-py37_0                                                                                             
    six:                   1.12.0-py37_0                                                                                             
    snappy:                1.1.7-h1532aa0_3                                                                                          
    spectrum-mpi:          10.03-622.gfc88b70                https://public.dhe.ibm.com/ibmdl/export/pub/software/server/ibm-ai/conda
    sqlite:                3.31.1-hbc83047_1                                                                                         
    tabulate:              0.8.2-py37_0                                                                                              
    tbb:                   2020.0-hfd86e86_0                                                                                         
    tensorboard:           1.15.0-py37_ab7f72a_3645.gf4f525e https://public.dhe.ibm.com/ibmdl/export/pub/software/server/ibm-ai/conda
    tensorrt:              6.0.1.5-py37_628.g4ac44fb         https://public.dhe.ibm.com/ibmdl/export/pub/software/server/ibm-ai/conda
    tk:                    8.6.8-hbc83047_0                                                                                          
    toolz:                 0.10.0-py_0                                                                                               
    torchtext:             0.4.0-py37_578.g5bf3960           https://public.dhe.ibm.com/ibmdl/export/pub/software/server/ibm-ai/conda
    torchtuples:           0.2.0-py_0                        local                                                                   
    torchvision-base:      0.4.0-gpu_py37_605.g2f2b557       https://public.dhe.ibm.com/ibmdl/export/pub/software/server/ibm-ai/conda
    tornado:               6.0.4-py37h7b6447c_1                                                                                      
    tqdm:                  4.32.1-py_0                                                                                               
    typing:                3.6.4-py37_0                                                                                              
    uff:                   0.6.5-py37_628.g4ac44fb           https://public.dhe.ibm.com/ibmdl/export/pub/software/server/ibm-ai/conda
    urllib3:               1.25.8-py37_0                                                                                             
    werkzeug:              0.15.4-py_0                                                                                               
    wheel:                 0.34.2-py37_0                                                                                             
    x264:                  1!157.20191217-h7b6447c_0                                                                                 
    xz:                    5.2.5-h7b6447c_0                                                                                          
    yaml:                  0.1.7-h1bed415_2                                                                                          
    zipp:                  2.2.0-py_0                                                                                                
    zlib:                  1.2.11-h7b6447c_3                                                                                         
    zstd:                  1.3.7-h0b5b093_0                                                                                          

Preparing transaction: ...working... done
Verifying transaction: ...working... done
Executing transaction: ...working... b'WARNING: Please install SSH server before continuing. Otherwise, DDL will not function properly\nWARNING: DO NOT install the conda package. Use `sudo yum install openssh-server` for rhel or `sudo apt install openssh-server` for ubuntu \n'
done
+ pytest -v --tb=native tests
+ exit 0
export PREFIX=/opt/anaconda3/conda-bld/torchtuples_1587592152000/_test_env_placehold_placehold_placehold_placehold_placehold_placehold_placehold_placehold_placehold_placehold_placehold_placehold_placehold_placehold_placehold_placehold_placehold_placehold_placehold_pl
export SRC_DIR=/opt/anaconda3/conda-bld/torchtuples_1587592152000/test_tmp
import: 'torchtuples'
import: 'torchtuples'
============================= test session starts ==============================
platform linux -- Python 3.7.7, pytest-4.4.2, py-1.8.1, pluggy-0.13.1 -- $PREFIX/bin/python
cachedir: .pytest_cache
rootdir: $SRC_DIR
plugins: hypothesis-3.59.1
collecting ... collected 436 items

tests/test_base.py::TestModel::test_set_optimizer[0.1-SGD] PASSED        [  0%]
tests/test_base.py::TestModel::test_set_optimizer[0.1-RMSprop] PASSED    [  0%]
tests/test_base.py::TestModel::test_set_optimizer[0.1-Adam] PASSED       [  0%]
tests/test_base.py::TestModel::test_set_optimizer[0.1-AdamW] PASSED      [  0%]
tests/test_base.py::TestModel::test_set_optimizer[0.1-AdamWR] PASSED     [  1%]
tests/test_base.py::TestModel::test_set_optimizer[10-SGD] PASSED         [  1%]
tests/test_base.py::TestModel::test_set_optimizer[10-RMSprop] PASSED     [  1%]
tests/test_base.py::TestModel::test_set_optimizer[10-Adam] PASSED        [  1%]
tests/test_base.py::TestModel::test_set_optimizer[10-AdamW] PASSED       [  2%]
tests/test_base.py::TestModel::test_set_optimizer[10-AdamWR] PASSED      [  2%]
tests/test_base.py::TestModel::test_set_optimizer[0.5-SGD] PASSED        [  2%]
tests/test_base.py::TestModel::test_set_optimizer[0.5-RMSprop] PASSED    [  2%]
tests/test_base.py::TestModel::test_set_optimizer[0.5-Adam] PASSED       [  2%]
tests/test_base.py::TestModel::test_set_optimizer[0.5-AdamW] PASSED      [  3%]
tests/test_base.py::TestModel::test_set_optimizer[0.5-AdamWR] PASSED     [  3%]
tests/test_base.py::TestModel::test_set_torch_optimizer[0.1-SGD] PASSED  [  3%]
tests/test_base.py::TestModel::test_set_torch_optimizer[0.1-RMSprop] PASSED [  3%]
tests/test_base.py::TestModel::test_set_torch_optimizer[0.1-Adam] PASSED [  4%]
tests/test_base.py::TestModel::test_set_torch_optimizer[0.1-Adagrad] PASSED [  4%]
tests/test_base.py::TestModel::test_set_torch_optimizer[10-SGD] PASSED   [  4%]
tests/test_base.py::TestModel::test_set_torch_optimizer[10-RMSprop] PASSED [  4%]
tests/test_base.py::TestModel::test_set_torch_optimizer[10-Adam] PASSED  [  5%]
tests/test_base.py::TestModel::test_set_torch_optimizer[10-Adagrad] PASSED [  5%]
tests/test_base.py::TestModel::test_set_torch_optimizer[0.5-SGD] PASSED  [  5%]
tests/test_base.py::TestModel::test_set_torch_optimizer[0.5-RMSprop] PASSED [  5%]
tests/test_base.py::TestModel::test_set_torch_optimizer[0.5-Adam] PASSED [  5%]
tests/test_base.py::TestModel::test_set_torch_optimizer[0.5-Adagrad] PASSED [  6%]
tests/test_base.py::TestModel::test_score_in_batches PASSED              [  6%]
tests/test_base.py::TestPrediction::test_predict_with_fun[True-True] PASSED [  6%]
tests/test_base.py::TestPrediction::test_predict_with_fun[True-False] PASSED [  6%]
tests/test_base.py::TestPrediction::test_predict_with_fun[False-True] PASSED [  7%]
tests/test_base.py::TestPrediction::test_predict_with_fun[False-False] PASSED [  7%]
tests/test_base.py::TestPrediction::test_predict_with_fun[None-True] PASSED [  7%]
tests/test_base.py::TestPrediction::test_predict_with_fun[None-False] PASSED [  7%]
tests/test_base.py::TestPrediction::test_predict_no_fun[True-True] PASSED [  8%]
tests/test_base.py::TestPrediction::test_predict_no_fun[True-False] PASSED [  8%]
tests/test_base.py::TestPrediction::test_predict_no_fun[False-True] PASSED [  8%]
tests/test_base.py::TestPrediction::test_predict_no_fun[False-False] PASSED [  8%]
tests/test_base.py::TestPrediction::test_predict_no_fun[None-True] PASSED [  8%]
tests/test_base.py::TestPrediction::test_predict_no_fun[None-False] PASSED [  9%]
tests/test_base.py::TestPrediction::test_predict_net_eval_[True] PASSED  [  9%]
tests/test_base.py::TestPrediction::test_predict_net_eval_[False] PASSED [  9%]
tests/test_callbacks.py::TestCallbackHandler::test_init_multiple_identical PASSED [  9%]
tests/test_callbacks.py::TestCallbackHandler::test_append_model PASSED   [ 10%]
tests/test_callbacks.py::TestCallbackHandler::test_init_naming_distinct PASSED [ 10%]
tests/test_callbacks.py::TestCallbackHandler::test_append_naming_distinct PASSED [ 10%]
tests/test_callbacks.py::TestCallbackHandler::test_callback_naming_init PASSED [ 10%]
tests/test_callbacks.py::TestCallbackHandler::test_callback_naming_append PASSED [ 11%]
tests/test_callbacks.py::TestCallbacksInModel::test_callback_type PASSED [ 11%]
tests/test_callbacks.py::TestCallbacksInModel::test_callback_order PASSED [ 11%]
tests/test_callbacks.py::TestCallbacksInModel::test_multiple_idential_list PASSED [ 11%]
tests/test_callbacks.py::TestDecoupledWeightDecay::test_decoupled_weight_decay[0.1-SGD] PASSED [ 11%]
tests/test_callbacks.py::TestDecoupledWeightDecay::test_decoupled_weight_decay[0.1-RMSprop] PASSED [ 12%]
tests/test_callbacks.py::TestDecoupledWeightDecay::test_decoupled_weight_decay[0.1-Adam] PASSED [ 12%]
tests/test_callbacks.py::TestDecoupledWeightDecay::test_decoupled_weight_decay[0.1-AdamW] PASSED [ 12%]
tests/test_callbacks.py::TestDecoupledWeightDecay::test_decoupled_weight_decay[0.1-AdamWR] PASSED [ 12%]
tests/test_callbacks.py::TestDecoupledWeightDecay::test_decoupled_weight_decay[0.01-SGD] PASSED [ 13%]
tests/test_callbacks.py::TestDecoupledWeightDecay::test_decoupled_weight_decay[0.01-RMSprop] PASSED [ 13%]
tests/test_callbacks.py::TestDecoupledWeightDecay::test_decoupled_weight_decay[0.01-Adam] PASSED [ 13%]
tests/test_callbacks.py::TestDecoupledWeightDecay::test_decoupled_weight_decay[0.01-AdamW] PASSED [ 13%]
tests/test_callbacks.py::TestDecoupledWeightDecay::test_decoupled_weight_decay[0.01-AdamWR] PASSED [ 13%]
tests/test_callbacks.py::TestDecoupledWeightDecay::test_decoupled_weight_decay[0.001-SGD] PASSED [ 14%]
tests/test_callbacks.py::TestDecoupledWeightDecay::test_decoupled_weight_decay[0.001-RMSprop] PASSED [ 14%]
tests/test_callbacks.py::TestDecoupledWeightDecay::test_decoupled_weight_decay[0.001-Adam] PASSED [ 14%]
tests/test_callbacks.py::TestDecoupledWeightDecay::test_decoupled_weight_decay[0.001-AdamW] PASSED [ 14%]
tests/test_callbacks.py::TestDecoupledWeightDecay::test_decoupled_weight_decay[0.001-AdamWR] PASSED [ 15%]
tests/test_callbacks.py::TestDecoupledWeightDecay::test_decoupled_weight_decay_normalized[2-0.1-SGD] PASSED [ 15%]
tests/test_callbacks.py::TestDecoupledWeightDecay::test_decoupled_weight_decay_normalized[2-0.1-RMSprop] PASSED [ 15%]
tests/test_callbacks.py::TestDecoupledWeightDecay::test_decoupled_weight_decay_normalized[2-0.1-Adam] PASSED [ 15%]
tests/test_callbacks.py::TestDecoupledWeightDecay::test_decoupled_weight_decay_normalized[2-0.1-AdamW] PASSED [ 16%]
tests/test_callbacks.py::TestDecoupledWeightDecay::test_decoupled_weight_decay_normalized[2-0.1-AdamWR] PASSED [ 16%]
tests/test_callbacks.py::TestDecoupledWeightDecay::test_decoupled_weight_decay_normalized[2-0.01-SGD] PASSED [ 16%]
tests/test_callbacks.py::TestDecoupledWeightDecay::test_decoupled_weight_decay_normalized[2-0.01-RMSprop] PASSED [ 16%]
tests/test_callbacks.py::TestDecoupledWeightDecay::test_decoupled_weight_decay_normalized[2-0.01-Adam] PASSED [ 16%]
tests/test_callbacks.py::TestDecoupledWeightDecay::test_decoupled_weight_decay_normalized[2-0.01-AdamW] PASSED [ 17%]
tests/test_callbacks.py::TestDecoupledWeightDecay::test_decoupled_weight_decay_normalized[2-0.01-AdamWR] PASSED [ 17%]
tests/test_callbacks.py::TestDecoupledWeightDecay::test_decoupled_weight_decay_normalized[2-0.001-SGD] PASSED [ 17%]
tests/test_callbacks.py::TestDecoupledWeightDecay::test_decoupled_weight_decay_normalized[2-0.001-RMSprop] PASSED [ 17%]
tests/test_callbacks.py::TestDecoupledWeightDecay::test_decoupled_weight_decay_normalized[2-0.001-Adam] PASSED [ 18%]
tests/test_callbacks.py::TestDecoupledWeightDecay::test_decoupled_weight_decay_normalized[2-0.001-AdamW] PASSED [ 18%]
tests/test_callbacks.py::TestDecoupledWeightDecay::test_decoupled_weight_decay_normalized[2-0.001-AdamWR] PASSED [ 18%]
tests/test_callbacks.py::TestDecoupledWeightDecay::test_decoupled_weight_decay_normalized[3-0.1-SGD] PASSED [ 18%]
tests/test_callbacks.py::TestDecoupledWeightDecay::test_decoupled_weight_decay_normalized[3-0.1-RMSprop] PASSED [ 19%]
tests/test_callbacks.py::TestDecoupledWeightDecay::test_decoupled_weight_decay_normalized[3-0.1-Adam] PASSED [ 19%]
tests/test_callbacks.py::TestDecoupledWeightDecay::test_decoupled_weight_decay_normalized[3-0.1-AdamW] PASSED [ 19%]
tests/test_callbacks.py::TestDecoupledWeightDecay::test_decoupled_weight_decay_normalized[3-0.1-AdamWR] PASSED [ 19%]
tests/test_callbacks.py::TestDecoupledWeightDecay::test_decoupled_weight_decay_normalized[3-0.01-SGD] PASSED [ 19%]
tests/test_callbacks.py::TestDecoupledWeightDecay::test_decoupled_weight_decay_normalized[3-0.01-RMSprop] PASSED [ 20%]
tests/test_callbacks.py::TestDecoupledWeightDecay::test_decoupled_weight_decay_normalized[3-0.01-Adam] PASSED [ 20%]
tests/test_callbacks.py::TestDecoupledWeightDecay::test_decoupled_weight_decay_normalized[3-0.01-AdamW] PASSED [ 20%]
tests/test_callbacks.py::TestDecoupledWeightDecay::test_decoupled_weight_decay_normalized[3-0.01-AdamWR] PASSED [ 20%]
tests/test_callbacks.py::TestDecoupledWeightDecay::test_decoupled_weight_decay_normalized[3-0.001-SGD] PASSED [ 21%]
tests/test_callbacks.py::TestDecoupledWeightDecay::test_decoupled_weight_decay_normalized[3-0.001-RMSprop] PASSED [ 21%]
tests/test_callbacks.py::TestDecoupledWeightDecay::test_decoupled_weight_decay_normalized[3-0.001-Adam] PASSED [ 21%]
tests/test_callbacks.py::TestDecoupledWeightDecay::test_decoupled_weight_decay_normalized[3-0.001-AdamW] PASSED [ 21%]
tests/test_callbacks.py::TestDecoupledWeightDecay::test_decoupled_weight_decay_normalized[3-0.001-AdamWR] PASSED [ 22%]
tests/test_callbacks.py::TestDecoupledWeightDecay::test_decoupled_weight_decay_with_model[0.1-SGD] PASSED [ 22%]
tests/test_callbacks.py::TestDecoupledWeightDecay::test_decoupled_weight_decay_with_model[0.1-RMSprop] PASSED [ 22%]
tests/test_callbacks.py::TestDecoupledWeightDecay::test_decoupled_weight_decay_with_model[0.1-Adam] PASSED [ 22%]
tests/test_callbacks.py::TestDecoupledWeightDecay::test_decoupled_weight_decay_with_model[0.1-AdamW] PASSED [ 22%]
tests/test_callbacks.py::TestDecoupledWeightDecay::test_decoupled_weight_decay_with_model[0.1-AdamWR] PASSED [ 23%]
tests/test_callbacks.py::TestDecoupledWeightDecay::test_decoupled_weight_decay_with_model[0.01-SGD] PASSED [ 23%]
tests/test_callbacks.py::TestDecoupledWeightDecay::test_decoupled_weight_decay_with_model[0.01-RMSprop] PASSED [ 23%]
tests/test_callbacks.py::TestDecoupledWeightDecay::test_decoupled_weight_decay_with_model[0.01-Adam] PASSED [ 23%]
tests/test_callbacks.py::TestDecoupledWeightDecay::test_decoupled_weight_decay_with_model[0.01-AdamW] PASSED [ 24%]
tests/test_callbacks.py::TestDecoupledWeightDecay::test_decoupled_weight_decay_with_model[0.01-AdamWR] PASSED [ 24%]
tests/test_callbacks.py::TestDecoupledWeightDecay::test_decoupled_weight_decay_with_model[0.001-SGD] PASSED [ 24%]
tests/test_callbacks.py::TestDecoupledWeightDecay::test_decoupled_weight_decay_with_model[0.001-RMSprop] PASSED [ 24%]
tests/test_callbacks.py::TestDecoupledWeightDecay::test_decoupled_weight_decay_with_model[0.001-Adam] PASSED [ 25%]
tests/test_callbacks.py::TestDecoupledWeightDecay::test_decoupled_weight_decay_with_model[0.001-AdamW] PASSED [ 25%]
tests/test_callbacks.py::TestDecoupledWeightDecay::test_decoupled_weight_decay_with_model[0.001-AdamWR] PASSED [ 25%]
tests/test_callbacks.py::TestDecoupledWeightDecay::test_decoupled_weight_decay_normalized_with_model[2-0.1-SGD] PASSED [ 25%]
tests/test_callbacks.py::TestDecoupledWeightDecay::test_decoupled_weight_decay_normalized_with_model[2-0.1-RMSprop] PASSED [ 25%]
tests/test_callbacks.py::TestDecoupledWeightDecay::test_decoupled_weight_decay_normalized_with_model[2-0.1-Adam] PASSED [ 26%]
tests/test_callbacks.py::TestDecoupledWeightDecay::test_decoupled_weight_decay_normalized_with_model[2-0.1-AdamW] PASSED [ 26%]
tests/test_callbacks.py::TestDecoupledWeightDecay::test_decoupled_weight_decay_normalized_with_model[2-0.1-AdamWR] PASSED [ 26%]
tests/test_callbacks.py::TestDecoupledWeightDecay::test_decoupled_weight_decay_normalized_with_model[2-0.01-SGD] PASSED [ 26%]
tests/test_callbacks.py::TestDecoupledWeightDecay::test_decoupled_weight_decay_normalized_with_model[2-0.01-RMSprop] PASSED [ 27%]
tests/test_callbacks.py::TestDecoupledWeightDecay::test_decoupled_weight_decay_normalized_with_model[2-0.01-Adam] PASSED [ 27%]
tests/test_callbacks.py::TestDecoupledWeightDecay::test_decoupled_weight_decay_normalized_with_model[2-0.01-AdamW] PASSED [ 27%]
tests/test_callbacks.py::TestDecoupledWeightDecay::test_decoupled_weight_decay_normalized_with_model[2-0.01-AdamWR] PASSED [ 27%]
tests/test_callbacks.py::TestDecoupledWeightDecay::test_decoupled_weight_decay_normalized_with_model[2-0.001-SGD] PASSED [ 27%]
tests/test_callbacks.py::TestDecoupledWeightDecay::test_decoupled_weight_decay_normalized_with_model[2-0.001-RMSprop] PASSED [ 28%]
tests/test_callbacks.py::TestDecoupledWeightDecay::test_decoupled_weight_decay_normalized_with_model[2-0.001-Adam] PASSED [ 28%]
tests/test_callbacks.py::TestDecoupledWeightDecay::test_decoupled_weight_decay_normalized_with_model[2-0.001-AdamW] PASSED [ 28%]
tests/test_callbacks.py::TestDecoupledWeightDecay::test_decoupled_weight_decay_normalized_with_model[2-0.001-AdamWR] PASSED [ 28%]
tests/test_callbacks.py::TestDecoupledWeightDecay::test_decoupled_weight_decay_normalized_with_model[3-0.1-SGD] PASSED [ 29%]
tests/test_callbacks.py::TestDecoupledWeightDecay::test_decoupled_weight_decay_normalized_with_model[3-0.1-RMSprop] PASSED [ 29%]
tests/test_callbacks.py::TestDecoupledWeightDecay::test_decoupled_weight_decay_normalized_with_model[3-0.1-Adam] PASSED [ 29%]
tests/test_callbacks.py::TestDecoupledWeightDecay::test_decoupled_weight_decay_normalized_with_model[3-0.1-AdamW] PASSED [ 29%]
tests/test_callbacks.py::TestDecoupledWeightDecay::test_decoupled_weight_decay_normalized_with_model[3-0.1-AdamWR] PASSED [ 30%]
tests/test_callbacks.py::TestDecoupledWeightDecay::test_decoupled_weight_decay_normalized_with_model[3-0.01-SGD] PASSED [ 30%]
tests/test_callbacks.py::TestDecoupledWeightDecay::test_decoupled_weight_decay_normalized_with_model[3-0.01-RMSprop] PASSED [ 30%]
tests/test_callbacks.py::TestDecoupledWeightDecay::test_decoupled_weight_decay_normalized_with_model[3-0.01-Adam] PASSED [ 30%]
tests/test_callbacks.py::TestDecoupledWeightDecay::test_decoupled_weight_decay_normalized_with_model[3-0.01-AdamW] PASSED [ 30%]
tests/test_callbacks.py::TestDecoupledWeightDecay::test_decoupled_weight_decay_normalized_with_model[3-0.01-AdamWR] PASSED [ 31%]
tests/test_callbacks.py::TestDecoupledWeightDecay::test_decoupled_weight_decay_normalized_with_model[3-0.001-SGD] PASSED [ 31%]
tests/test_callbacks.py::TestDecoupledWeightDecay::test_decoupled_weight_decay_normalized_with_model[3-0.001-RMSprop] PASSED [ 31%]
tests/test_callbacks.py::TestDecoupledWeightDecay::test_decoupled_weight_decay_normalized_with_model[3-0.001-Adam] PASSED [ 31%]
tests/test_callbacks.py::TestDecoupledWeightDecay::test_decoupled_weight_decay_normalized_with_model[3-0.001-AdamW] PASSED [ 32%]
tests/test_callbacks.py::TestDecoupledWeightDecay::test_decoupled_weight_decay_normalized_with_model[3-0.001-AdamWR] PASSED [ 32%]
tests/test_callbacks.py::TestMonitorMetrics::test_append_score PASSED    [ 32%]
tests/test_callbacks.py::TestMonitorMetrics::test_append_score_if_epoch_every PASSED [ 32%]
tests/test_callbacks.py::TestMonitorMetrics::test_append_score_if_epoch_2 PASSED [ 33%]
tests/test_callbacks.py::TestMonitorMetrics::test_to_pandas PASSED       [ 33%]
tests/test_callbacks.py::TestMonitoFitMetrics::test_add_nans PASSED      [ 33%]
tests/test_callbacks.py::TestMonitoFitMetrics::test_add_identity PASSED  [ 33%]
tests/test_callbacks.py::TestMonitoFitMetrics::test_add_identity_2 PASSED [ 33%]
tests/test_data.py::TestDatasetTuple::test_len[3] PASSED                 [ 34%]
tests/test_data.py::TestDatasetTuple::test_len[10] PASSED                [ 34%]
tests/test_data.py::TestDatasetTuple::test_len[28] PASSED                [ 34%]
tests/test_data.py::TestDatasetTuple::test_len_error[3] PASSED           [ 34%]
tests/test_data.py::TestDatasetTuple::test_len_error[10] PASSED          [ 35%]
tests/test_data.py::TestDatasetTuple::test_len_error[28] PASSED          [ 35%]
tests/test_data.py::TestDatasetTuple::test_getitem PASSED                [ 35%]
tests/test_data.py::TestDataLoaderBatch::test_next_iter[0-3] PASSED      [ 35%]
tests/test_data.py::TestDataLoaderBatch::test_next_iter[0-10] PASSED     [ 36%]
tests/test_data.py::TestDataLoaderBatch::test_next_iter[2-3] PASSED      [ 36%]
tests/test_data.py::TestDataLoaderBatch::test_next_iter[2-10] PASSED     [ 36%]
tests/test_data.py::test_dataloader_input_only PASSED                    [ 36%]
tests/test_optim.py::TestOptimWrap::test_torch_optimizer[SGD] PASSED     [ 36%]
tests/test_optim.py::TestOptimWrap::test_torch_optimizer[RMSprop] PASSED [ 37%]
tests/test_optim.py::TestOptimWrap::test_torch_optimizer[Adam] PASSED    [ 37%]
tests/test_optim.py::TestOptimWrap::test_torch_optimizer[Adagrad] PASSED [ 37%]
tests/test_optim.py::TestOptimWrap::test_torch_optimizer_lr[0.1-SGD] PASSED [ 37%]
tests/test_optim.py::TestOptimWrap::test_torch_optimizer_lr[0.1-RMSprop] PASSED [ 38%]
tests/test_optim.py::TestOptimWrap::test_torch_optimizer_lr[0.1-Adam] PASSED [ 38%]
tests/test_optim.py::TestOptimWrap::test_torch_optimizer_lr[0.1-Adagrad] PASSED [ 38%]
tests/test_optim.py::TestOptimWrap::test_torch_optimizer_lr[0.01-SGD] PASSED [ 38%]
tests/test_optim.py::TestOptimWrap::test_torch_optimizer_lr[0.01-RMSprop] PASSED [ 38%]
tests/test_optim.py::TestOptimWrap::test_torch_optimizer_lr[0.01-Adam] PASSED [ 39%]
tests/test_optim.py::TestOptimWrap::test_torch_optimizer_lr[0.01-Adagrad] PASSED [ 39%]
tests/test_optim.py::TestOptimWrap::test_torch_optimizer_lr[0.5-SGD] PASSED [ 39%]
tests/test_optim.py::TestOptimWrap::test_torch_optimizer_lr[0.5-RMSprop] PASSED [ 39%]
tests/test_optim.py::TestOptimWrap::test_torch_optimizer_lr[0.5-Adam] PASSED [ 40%]
tests/test_optim.py::TestOptimWrap::test_torch_optimizer_lr[0.5-Adagrad] PASSED [ 40%]
tests/test_optim.py::TestOptimWrap::test_torch_optimizer_set[SGD] PASSED [ 40%]
tests/test_optim.py::TestOptimWrap::test_torch_optimizer_set[RMSprop] PASSED [ 40%]
tests/test_optim.py::TestOptimWrap::test_torch_optimizer_set[Adam] PASSED [ 41%]
tests/test_optim.py::TestOptimWrap::test_torch_optimizer_set[Adagrad] PASSED [ 41%]
tests/test_optim.py::TestOptimWrap::test_zero_grad[SGD] PASSED           [ 41%]
tests/test_optim.py::TestOptimWrap::test_zero_grad[RMSprop] PASSED       [ 41%]
tests/test_optim.py::TestOptimWrap::test_zero_grad[Adam] PASSED          [ 41%]
tests/test_optim.py::TestOptimWrap::test_zero_grad[Adagrad] PASSED       [ 42%]
tests/test_optim.py::TestOptimWrap::test_step[SGD] PASSED                [ 42%]
tests/test_optim.py::TestOptimWrap::test_step[RMSprop] PASSED            [ 42%]
tests/test_optim.py::TestOptimWrap::test_step[Adam] PASSED               [ 42%]
tests/test_optim.py::TestOptimWrap::test_step[Adagrad] PASSED            [ 43%]
tests/test_optim.py::TestOptimWrapReinit::test_reinitialize[0.1-SGD] PASSED [ 43%]
tests/test_optim.py::TestOptimWrapReinit::test_reinitialize[0.1-RMSprop] PASSED [ 43%]
tests/test_optim.py::TestOptimWrapReinit::test_reinitialize[0.1-Adam] PASSED [ 43%]
tests/test_optim.py::TestOptimWrapReinit::test_reinitialize[0.1-AdamW] PASSED [ 44%]
tests/test_optim.py::TestOptimWrapReinit::test_reinitialize[0.1-AdamWR] PASSED [ 44%]
tests/test_optim.py::TestOptimWrapReinit::test_reinitialize[0.01-SGD] PASSED [ 44%]
tests/test_optim.py::TestOptimWrapReinit::test_reinitialize[0.01-RMSprop] PASSED [ 44%]
tests/test_optim.py::TestOptimWrapReinit::test_reinitialize[0.01-Adam] PASSED [ 44%]
tests/test_optim.py::TestOptimWrapReinit::test_reinitialize[0.01-AdamW] PASSED [ 45%]
tests/test_optim.py::TestOptimWrapReinit::test_reinitialize[0.01-AdamWR] PASSED [ 45%]
tests/test_optim.py::TestOptimWrapReinit::test_reinitialize[0.5-SGD] PASSED [ 45%]
tests/test_optim.py::TestOptimWrapReinit::test_reinitialize[0.5-RMSprop] PASSED [ 45%]
tests/test_optim.py::TestOptimWrapReinit::test_reinitialize[0.5-Adam] PASSED [ 46%]
tests/test_optim.py::TestOptimWrapReinit::test_reinitialize[0.5-AdamW] PASSED [ 46%]
tests/test_optim.py::TestOptimWrapReinit::test_reinitialize[0.5-AdamWR] PASSED [ 46%]
tests/test_optim.py::TestOptimWrapReinit::test_call[SGD] PASSED          [ 46%]
tests/test_optim.py::TestOptimWrapReinit::test_call[RMSprop] PASSED      [ 47%]
tests/test_optim.py::TestOptimWrapReinit::test_call[Adam] PASSED         [ 47%]
tests/test_optim.py::TestOptimWrapReinit::test_call[AdamW] PASSED        [ 47%]
tests/test_optim.py::TestOptimWrapReinit::test_call[AdamWR] PASSED       [ 47%]
tests/test_optim.py::TestOptimWrapReinit::test_zero_grad[SGD] PASSED     [ 47%]
tests/test_optim.py::TestOptimWrapReinit::test_zero_grad[RMSprop] PASSED [ 48%]
tests/test_optim.py::TestOptimWrapReinit::test_zero_grad[Adam] PASSED    [ 48%]
tests/test_optim.py::TestOptimWrapReinit::test_zero_grad[AdamW] PASSED   [ 48%]
tests/test_optim.py::TestOptimWrapReinit::test_zero_grad[AdamWR] PASSED  [ 48%]
tests/test_optim.py::TestOptimWrapReinit::test_step_without_model[SGD] PASSED [ 49%]
tests/test_optim.py::TestOptimWrapReinit::test_step_without_model[RMSprop] PASSED [ 49%]
tests/test_optim.py::TestOptimWrapReinit::test_step_without_model[Adam] PASSED [ 49%]
tests/test_optim.py::TestOptimWrapReinit::test_step_without_model_error_w[AdamW] PASSED [ 49%]
tests/test_optim.py::TestOptimWrapReinit::test_step_without_model_error_w[AdamWR] PASSED [ 50%]
tests/test_optim.py::TestOptimWrapReinit::test_step_with_model[SGD] PASSED [ 50%]
tests/test_optim.py::TestOptimWrapReinit::test_step_with_model[RMSprop] PASSED [ 50%]
tests/test_optim.py::TestOptimWrapReinit::test_step_with_model[Adam] PASSED [ 50%]
tests/test_optim.py::TestOptimWrapReinit::test_step_with_model[AdamW] PASSED [ 50%]
tests/test_optim.py::TestOptimWrapReinit::test_step_with_model[AdamWR] PASSED [ 51%]
tests/test_practical.py::test_accuracy[input0-target0-1] PASSED          [ 51%]
tests/test_practical.py::test_accuracy[input1-target1-0] PASSED          [ 51%]
tests/test_practical.py::test_accuracy[input2-target2-0.5] PASSED        [ 51%]
tests/test_practical.py::test_accuracy_argmax_multiple[input0-target0-1] PASSED [ 52%]
tests/test_practical.py::test_accuracy_argmax_multiple[input1-target1-0.5] PASSED [ 52%]
tests/test_practical.py::test_accuracy_binary[input0-target0-1] PASSED   [ 52%]
tests/test_practical.py::test_accuracy_binary[input1-target1-1] PASSED   [ 52%]
tests/test_practical.py::test_accuracy_binary[input2-target2-0.5] PASSED [ 52%]
tests/test_readme_example.py::test_readme_example PASSED                 [ 53%]
tests/test_testing.py::test_assert_tupletree_equal_fails[a0-b0-Not TupleTree] PASSED [ 53%]
tests/test_testing.py::test_assert_tupletree_equal_fails[a1-b1-Not same structure] PASSED [ 53%]
tests/test_testing.py::test_assert_tupletree_equal_fails[a2-b2-Not same types] PASSED [ 53%]
tests/test_testing.py::test_assert_tupletree_equal_fails[a3-b3-Not same dtype] PASSED [ 54%]
tests/test_testing.py::test_assert_tupletree_equal_fails[a4-b4-Not same dtype] PASSED [ 54%]
tests/test_testing.py::test_assert_tupletree_equal_fails[a5-b5-Not equal values] PASSED [ 54%]
tests/test_testing.py::test_assert_tupletree_equal_fails[a6-b6-Not equal values] PASSED [ 54%]
tests/test_testing.py::test_assert_tupletree_equal_pass[a0-b0-True] PASSED [ 55%]
tests/test_testing.py::test_assert_tupletree_equal_pass[a1-b1-False] PASSED [ 55%]
tests/test_tupletree.py::test_tuplefy_type[1] PASSED                     [ 55%]
tests/test_tupletree.py::test_tuplefy_type[inp1] PASSED                  [ 55%]
tests/test_tupletree.py::test_tuplefy_type[inp2] PASSED                  [ 55%]
tests/test_tupletree.py::test_tuplefy_type[inp3] PASSED                  [ 56%]
tests/test_tupletree.py::test_tuplefy_not_list[inp0-tuple] PASSED        [ 56%]
tests/test_tupletree.py::test_tuplefy_not_list[inp1-list] PASSED         [ 56%]
tests/test_tupletree.py::test_make_data_loader_sorted[0-1] PASSED        [ 56%]
tests/test_tupletree.py::test_make_data_loader_sorted[0-3] PASSED        [ 57%]
tests/test_tupletree.py::test_make_data_loader_sorted[0-10] PASSED       [ 57%]
tests/test_tupletree.py::test_make_data_loader_sorted[0-12] PASSED       [ 57%]
tests/test_tupletree.py::test_make_data_loader_sorted[1-1] PASSED        [ 57%]
tests/test_tupletree.py::test_make_data_loader_sorted[1-3] PASSED        [ 58%]
tests/test_tupletree.py::test_make_data_loader_sorted[1-10] PASSED       [ 58%]
tests/test_tupletree.py::test_make_data_loader_sorted[1-12] PASSED       [ 58%]
tests/test_tupletree.py::test_make_data_loader_sorted[5-1] PASSED        [ 58%]
tests/test_tupletree.py::test_make_data_loader_sorted[5-3] PASSED        [ 58%]
tests/test_tupletree.py::test_make_data_loader_sorted[5-10] PASSED       [ 59%]
tests/test_tupletree.py::test_make_data_loader_sorted[5-12] PASSED       [ 59%]
tests/test_tupletree.py::test_make_data_loader_unsorted[0-1] PASSED      [ 59%]
tests/test_tupletree.py::test_make_data_loader_unsorted[0-3] PASSED      [ 59%]
tests/test_tupletree.py::test_make_data_loader_unsorted[0-10] PASSED     [ 60%]
tests/test_tupletree.py::test_make_data_loader_unsorted[0-12] PASSED     [ 60%]
tests/test_tupletree.py::test_make_data_loader_unsorted[1-1] PASSED      [ 60%]
tests/test_tupletree.py::test_make_data_loader_unsorted[1-3] PASSED      [ 60%]
tests/test_tupletree.py::test_make_data_loader_unsorted[1-10] PASSED     [ 61%]
tests/test_tupletree.py::test_make_data_loader_unsorted[1-12] PASSED     [ 61%]
tests/test_tupletree.py::test_make_data_loader_unsorted[5-1] PASSED      [ 61%]
tests/test_tupletree.py::test_make_data_loader_unsorted[5-3] PASSED      [ 61%]
tests/test_tupletree.py::test_make_data_loader_unsorted[5-10] PASSED     [ 61%]
tests/test_tupletree.py::test_make_data_loader_unsorted[5-12] PASSED     [ 62%]
tests/test_tupletree.py::TestTupleTree::test_apply PASSED                [ 62%]
tests/test_tupletree.py::TestTupleTree::test_reduce PASSED               [ 62%]
tests/test_tupletree.py::TestTupleTree::test_levels PASSED               [ 62%]
tests/test_tupletree.py::TestTupleTree::test_types PASSED                [ 63%]
tests/test_tupletree.py::TestTupleTree::test_numerate PASSED             [ 63%]
tests/test_tupletree.py::TestTupleTree::test_enumerate PASSED            [ 63%]
tests/test_tupletree.py::TestTupleTree::test_reorder PASSED              [ 63%]
tests/test_tupletree.py::TestTupleTree::test_repeat PASSED               [ 63%]
tests/test_tupletree.py::TestTupleTree::test_get_if_all_equal[a0-default] PASSED [ 64%]
tests/test_tupletree.py::TestTupleTree::test_get_if_all_equal[a1-10] PASSED [ 64%]
tests/test_tupletree.py::TestTupleTree::test_get_if_all_equal[a2-expected2] PASSED [ 64%]
tests/test_tupletree.py::TestTupleTree::test_zip_leaf PASSED             [ 64%]
tests/test_tupletree.py::TestTupleTree::test_unzip_leaf PASSED           [ 65%]
tests/test_tupletree.py::TestTupleTree::test_zip_unzip_leaf PASSED       [ 65%]
tests/test_tupletree.py::TestTupleTree::test_np2torch2np PASSED          [ 65%]
tests/test_tupletree.py::TestTupleTree::test_torch2np2torch PASSED       [ 65%]
tests/test_tupletree.py::TestTupleTree::test_iloc PASSED                 [ 66%]
tests/test_tupletree.py::TestTupleTree::test_add_root PASSED             [ 66%]
tests/test_tupletree.py::TestTupleTree::test_cat_lens PASSED             [ 66%]
tests/test_tupletree.py::TestTupleTree::test_cat_split PASSED            [ 66%]
tests/test_tupletree.py::TestTupleTree::test_stack_shapes PASSED         [ 66%]
tests/test_utils.py::test_array_or_tensor_type_numpy[True-True-tuple-True-True-True] PASSED [ 67%]
tests/test_utils.py::test_array_or_tensor_type_numpy[True-True-tuple-True-True-False] PASSED [ 67%]
tests/test_utils.py::test_array_or_tensor_type_numpy[True-True-tuple-True-False-True] PASSED [ 67%]
tests/test_utils.py::test_array_or_tensor_type_numpy[True-True-tuple-True-False-False] PASSED [ 67%]
tests/test_utils.py::test_array_or_tensor_type_numpy[True-True-tuple-False-True-True] PASSED [ 68%]
tests/test_utils.py::test_array_or_tensor_type_numpy[True-True-tuple-False-True-False] PASSED [ 68%]
tests/test_utils.py::test_array_or_tensor_type_numpy[True-True-tuple-False-False-True] PASSED [ 68%]
tests/test_utils.py::test_array_or_tensor_type_numpy[True-True-tuple-False-False-False] PASSED [ 68%]
tests/test_utils.py::test_array_or_tensor_type_numpy[True-True-list-True-True-True] PASSED [ 69%]
tests/test_utils.py::test_array_or_tensor_type_numpy[True-True-list-True-True-False] PASSED [ 69%]
tests/test_utils.py::test_array_or_tensor_type_numpy[True-True-list-True-False-True] PASSED [ 69%]
tests/test_utils.py::test_array_or_tensor_type_numpy[True-True-list-True-False-False] PASSED [ 69%]
tests/test_utils.py::test_array_or_tensor_type_numpy[True-True-list-False-True-True] PASSED [ 69%]
tests/test_utils.py::test_array_or_tensor_type_numpy[True-True-list-False-True-False] PASSED [ 70%]
tests/test_utils.py::test_array_or_tensor_type_numpy[True-True-list-False-False-True] PASSED [ 70%]
tests/test_utils.py::test_array_or_tensor_type_numpy[True-True-list-False-False-False] PASSED [ 70%]
tests/test_utils.py::test_array_or_tensor_type_numpy[True-True-tuplefy-True-True-True] PASSED [ 70%]
tests/test_utils.py::test_array_or_tensor_type_numpy[True-True-tuplefy-True-True-False] PASSED [ 71%]
tests/test_utils.py::test_array_or_tensor_type_numpy[True-True-tuplefy-True-False-True] PASSED [ 71%]
tests/test_utils.py::test_array_or_tensor_type_numpy[True-True-tuplefy-True-False-False] PASSED [ 71%]
tests/test_utils.py::test_array_or_tensor_type_numpy[True-True-tuplefy-False-True-True] PASSED [ 71%]
tests/test_utils.py::test_array_or_tensor_type_numpy[True-True-tuplefy-False-True-False] PASSED [ 72%]
tests/test_utils.py::test_array_or_tensor_type_numpy[True-True-tuplefy-False-False-True] PASSED [ 72%]
tests/test_utils.py::test_array_or_tensor_type_numpy[True-True-tuplefy-False-False-False] PASSED [ 72%]
tests/test_utils.py::test_array_or_tensor_type_numpy[True-False-tuple-True-True-True] PASSED [ 72%]
tests/test_utils.py::test_array_or_tensor_type_numpy[True-False-tuple-True-True-False] PASSED [ 72%]
tests/test_utils.py::test_array_or_tensor_type_numpy[True-False-tuple-True-False-True] PASSED [ 73%]
tests/test_utils.py::test_array_or_tensor_type_numpy[True-False-tuple-True-False-False] PASSED [ 73%]
tests/test_utils.py::test_array_or_tensor_type_numpy[True-False-tuple-False-True-True] PASSED [ 73%]
tests/test_utils.py::test_array_or_tensor_type_numpy[True-False-tuple-False-True-False] PASSED [ 73%]
tests/test_utils.py::test_array_or_tensor_type_numpy[True-False-tuple-False-False-True] PASSED [ 74%]
tests/test_utils.py::test_array_or_tensor_type_numpy[True-False-tuple-False-False-False] PASSED [ 74%]
tests/test_utils.py::test_array_or_tensor_type_numpy[True-False-list-True-True-True] PASSED [ 74%]
tests/test_utils.py::test_array_or_tensor_type_numpy[True-False-list-True-True-False] PASSED [ 74%]
tests/test_utils.py::test_array_or_tensor_type_numpy[True-False-list-True-False-True] PASSED [ 75%]
tests/test_utils.py::test_array_or_tensor_type_numpy[True-False-list-True-False-False] PASSED [ 75%]
tests/test_utils.py::test_array_or_tensor_type_numpy[True-False-list-False-True-True] PASSED [ 75%]
tests/test_utils.py::test_array_or_tensor_type_numpy[True-False-list-False-True-False] PASSED [ 75%]
tests/test_utils.py::test_array_or_tensor_type_numpy[True-False-list-False-False-True] PASSED [ 75%]
tests/test_utils.py::test_array_or_tensor_type_numpy[True-False-list-False-False-False] PASSED [ 76%]
tests/test_utils.py::test_array_or_tensor_type_numpy[True-False-tuplefy-True-True-True] PASSED [ 76%]
tests/test_utils.py::test_array_or_tensor_type_numpy[True-False-tuplefy-True-True-False] PASSED [ 76%]
tests/test_utils.py::test_array_or_tensor_type_numpy[True-False-tuplefy-True-False-True] PASSED [ 76%]
tests/test_utils.py::test_array_or_tensor_type_numpy[True-False-tuplefy-True-False-False] PASSED [ 77%]
tests/test_utils.py::test_array_or_tensor_type_numpy[True-False-tuplefy-False-True-True] PASSED [ 77%]
tests/test_utils.py::test_array_or_tensor_type_numpy[True-False-tuplefy-False-True-False] PASSED [ 77%]
tests/test_utils.py::test_array_or_tensor_type_numpy[True-False-tuplefy-False-False-True] PASSED [ 77%]
tests/test_utils.py::test_array_or_tensor_type_numpy[True-False-tuplefy-False-False-False] PASSED [ 77%]
tests/test_utils.py::test_array_or_tensor_type_numpy[False-True-tuple-True-True-True] PASSED [ 78%]
tests/test_utils.py::test_array_or_tensor_type_numpy[False-True-tuple-True-True-False] PASSED [ 78%]
tests/test_utils.py::test_array_or_tensor_type_numpy[False-True-tuple-True-False-True] PASSED [ 78%]
tests/test_utils.py::test_array_or_tensor_type_numpy[False-True-tuple-True-False-False] PASSED [ 78%]
tests/test_utils.py::test_array_or_tensor_type_numpy[False-True-tuple-False-True-True] PASSED [ 79%]
tests/test_utils.py::test_array_or_tensor_type_numpy[False-True-tuple-False-True-False] PASSED [ 79%]
tests/test_utils.py::test_array_or_tensor_type_numpy[False-True-tuple-False-False-True] PASSED [ 79%]
tests/test_utils.py::test_array_or_tensor_type_numpy[False-True-tuple-False-False-False] PASSED [ 79%]
tests/test_utils.py::test_array_or_tensor_type_numpy[False-True-list-True-True-True] PASSED [ 80%]
tests/test_utils.py::test_array_or_tensor_type_numpy[False-True-list-True-True-False] PASSED [ 80%]
tests/test_utils.py::test_array_or_tensor_type_numpy[False-True-list-True-False-True] PASSED [ 80%]
tests/test_utils.py::test_array_or_tensor_type_numpy[False-True-list-True-False-False] PASSED [ 80%]
tests/test_utils.py::test_array_or_tensor_type_numpy[False-True-list-False-True-True] PASSED [ 80%]
tests/test_utils.py::test_array_or_tensor_type_numpy[False-True-list-False-True-False] PASSED [ 81%]
tests/test_utils.py::test_array_or_tensor_type_numpy[False-True-list-False-False-True] PASSED [ 81%]
tests/test_utils.py::test_array_or_tensor_type_numpy[False-True-list-False-False-False] PASSED [ 81%]
tests/test_utils.py::test_array_or_tensor_type_numpy[False-True-tuplefy-True-True-True] PASSED [ 81%]
tests/test_utils.py::test_array_or_tensor_type_numpy[False-True-tuplefy-True-True-False] PASSED [ 82%]
tests/test_utils.py::test_array_or_tensor_type_numpy[False-True-tuplefy-True-False-True] PASSED [ 82%]
tests/test_utils.py::test_array_or_tensor_type_numpy[False-True-tuplefy-True-False-False] PASSED [ 82%]
tests/test_utils.py::test_array_or_tensor_type_numpy[False-True-tuplefy-False-True-True] PASSED [ 82%]
tests/test_utils.py::test_array_or_tensor_type_numpy[False-True-tuplefy-False-True-False] PASSED [ 83%]
tests/test_utils.py::test_array_or_tensor_type_numpy[False-True-tuplefy-False-False-True] PASSED [ 83%]
tests/test_utils.py::test_array_or_tensor_type_numpy[False-True-tuplefy-False-False-False] PASSED [ 83%]
tests/test_utils.py::test_array_or_tensor_type_numpy[False-False-tuple-True-True-True] PASSED [ 83%]
tests/test_utils.py::test_array_or_tensor_type_numpy[False-False-tuple-True-True-False] PASSED [ 83%]
tests/test_utils.py::test_array_or_tensor_type_numpy[False-False-tuple-True-False-True] PASSED [ 84%]
tests/test_utils.py::test_array_or_tensor_type_numpy[False-False-tuple-True-False-False] PASSED [ 84%]
tests/test_utils.py::test_array_or_tensor_type_numpy[False-False-tuple-False-True-True] PASSED [ 84%]
tests/test_utils.py::test_array_or_tensor_type_numpy[False-False-tuple-False-True-False] PASSED [ 84%]
tests/test_utils.py::test_array_or_tensor_type_numpy[False-False-tuple-False-False-True] PASSED [ 85%]
tests/test_utils.py::test_array_or_tensor_type_numpy[False-False-tuple-False-False-False] PASSED [ 85%]
tests/test_utils.py::test_array_or_tensor_type_numpy[False-False-list-True-True-True] PASSED [ 85%]
tests/test_utils.py::test_array_or_tensor_type_numpy[False-False-list-True-True-False] PASSED [ 85%]
tests/test_utils.py::test_array_or_tensor_type_numpy[False-False-list-True-False-True] PASSED [ 86%]
tests/test_utils.py::test_array_or_tensor_type_numpy[False-False-list-True-False-False] PASSED [ 86%]
tests/test_utils.py::test_array_or_tensor_type_numpy[False-False-list-False-True-True] PASSED [ 86%]
tests/test_utils.py::test_array_or_tensor_type_numpy[False-False-list-False-True-False] PASSED [ 86%]
tests/test_utils.py::test_array_or_tensor_type_numpy[False-False-list-False-False-True] PASSED [ 86%]
tests/test_utils.py::test_array_or_tensor_type_numpy[False-False-list-False-False-False] PASSED [ 87%]
tests/test_utils.py::test_array_or_tensor_type_numpy[False-False-tuplefy-True-True-True] PASSED [ 87%]
tests/test_utils.py::test_array_or_tensor_type_numpy[False-False-tuplefy-True-True-False] PASSED [ 87%]
tests/test_utils.py::test_array_or_tensor_type_numpy[False-False-tuplefy-True-False-True] PASSED [ 87%]
tests/test_utils.py::test_array_or_tensor_type_numpy[False-False-tuplefy-True-False-False] PASSED [ 88%]
tests/test_utils.py::test_array_or_tensor_type_numpy[False-False-tuplefy-False-True-True] PASSED [ 88%]
tests/test_utils.py::test_array_or_tensor_type_numpy[False-False-tuplefy-False-True-False] PASSED [ 88%]
tests/test_utils.py::test_array_or_tensor_type_numpy[False-False-tuplefy-False-False-True] PASSED [ 88%]
tests/test_utils.py::test_array_or_tensor_type_numpy[False-False-tuplefy-False-False-False] PASSED [ 88%]
tests/test_utils.py::test_array_or_tensor_type_none[True-True-tuple-True-True] PASSED [ 89%]
tests/test_utils.py::test_array_or_tensor_type_none[True-True-tuple-True-False] PASSED [ 89%]
tests/test_utils.py::test_array_or_tensor_type_none[True-True-tuple-False-True] PASSED [ 89%]
tests/test_utils.py::test_array_or_tensor_type_none[True-True-tuple-False-False] PASSED [ 89%]
tests/test_utils.py::test_array_or_tensor_type_none[True-True-list-True-True] PASSED [ 90%]
tests/test_utils.py::test_array_or_tensor_type_none[True-True-list-True-False] PASSED [ 90%]
tests/test_utils.py::test_array_or_tensor_type_none[True-True-list-False-True] PASSED [ 90%]
tests/test_utils.py::test_array_or_tensor_type_none[True-True-list-False-False] PASSED [ 90%]
tests/test_utils.py::test_array_or_tensor_type_none[True-True-tuplefy-True-True] PASSED [ 91%]
tests/test_utils.py::test_array_or_tensor_type_none[True-True-tuplefy-True-False] PASSED [ 91%]
tests/test_utils.py::test_array_or_tensor_type_none[True-True-tuplefy-False-True] PASSED [ 91%]
tests/test_utils.py::test_array_or_tensor_type_none[True-True-tuplefy-False-False] PASSED [ 91%]
tests/test_utils.py::test_array_or_tensor_type_none[True-False-tuple-True-True] PASSED [ 91%]
tests/test_utils.py::test_array_or_tensor_type_none[True-False-tuple-True-False] PASSED [ 92%]
tests/test_utils.py::test_array_or_tensor_type_none[True-False-tuple-False-True] PASSED [ 92%]
tests/test_utils.py::test_array_or_tensor_type_none[True-False-tuple-False-False] PASSED [ 92%]
tests/test_utils.py::test_array_or_tensor_type_none[True-False-list-True-True] PASSED [ 92%]
tests/test_utils.py::test_array_or_tensor_type_none[True-False-list-True-False] PASSED [ 93%]
tests/test_utils.py::test_array_or_tensor_type_none[True-False-list-False-True] PASSED [ 93%]
tests/test_utils.py::test_array_or_tensor_type_none[True-False-list-False-False] PASSED [ 93%]
tests/test_utils.py::test_array_or_tensor_type_none[True-False-tuplefy-True-True] PASSED [ 93%]
tests/test_utils.py::test_array_or_tensor_type_none[True-False-tuplefy-True-False] PASSED [ 94%]
tests/test_utils.py::test_array_or_tensor_type_none[True-False-tuplefy-False-True] PASSED [ 94%]
tests/test_utils.py::test_array_or_tensor_type_none[True-False-tuplefy-False-False] PASSED [ 94%]
tests/test_utils.py::test_array_or_tensor_type_none[False-True-tuple-True-True] PASSED [ 94%]
tests/test_utils.py::test_array_or_tensor_type_none[False-True-tuple-True-False] PASSED [ 94%]
tests/test_utils.py::test_array_or_tensor_type_none[False-True-tuple-False-True] PASSED [ 95%]
tests/test_utils.py::test_array_or_tensor_type_none[False-True-tuple-False-False] PASSED [ 95%]
tests/test_utils.py::test_array_or_tensor_type_none[False-True-list-True-True] PASSED [ 95%]
tests/test_utils.py::test_array_or_tensor_type_none[False-True-list-True-False] PASSED [ 95%]
tests/test_utils.py::test_array_or_tensor_type_none[False-True-list-False-True] PASSED [ 96%]
tests/test_utils.py::test_array_or_tensor_type_none[False-True-list-False-False] PASSED [ 96%]
tests/test_utils.py::test_array_or_tensor_type_none[False-True-tuplefy-True-True] PASSED [ 96%]
tests/test_utils.py::test_array_or_tensor_type_none[False-True-tuplefy-True-False] PASSED [ 96%]
tests/test_utils.py::test_array_or_tensor_type_none[False-True-tuplefy-False-True] PASSED [ 97%]
tests/test_utils.py::test_array_or_tensor_type_none[False-True-tuplefy-False-False] PASSED [ 97%]
tests/test_utils.py::test_array_or_tensor_type_none[False-False-tuple-True-True] PASSED [ 97%]
tests/test_utils.py::test_array_or_tensor_type_none[False-False-tuple-True-False] PASSED [ 97%]
tests/test_utils.py::test_array_or_tensor_type_none[False-False-tuple-False-True] PASSED [ 97%]
tests/test_utils.py::test_array_or_tensor_type_none[False-False-tuple-False-False] PASSED [ 98%]
tests/test_utils.py::test_array_or_tensor_type_none[False-False-list-True-True] PASSED [ 98%]
tests/test_utils.py::test_array_or_tensor_type_none[False-False-list-True-False] PASSED [ 98%]
tests/test_utils.py::test_array_or_tensor_type_none[False-False-list-False-True] PASSED [ 98%]
tests/test_utils.py::test_array_or_tensor_type_none[False-False-list-False-False] PASSED [ 99%]
tests/test_utils.py::test_array_or_tensor_type_none[False-False-tuplefy-True-True] PASSED [ 99%]
tests/test_utils.py::test_array_or_tensor_type_none[False-False-tuplefy-True-False] PASSED [ 99%]
tests/test_utils.py::test_array_or_tensor_type_none[False-False-tuplefy-False-True] PASSED [ 99%]
tests/test_utils.py::test_array_or_tensor_type_none[False-False-tuplefy-False-False] PASSED [100%]

========================== 436 passed in 6.22 seconds ==========================

Resource usage statistics from testing torchtuples:
   Process count: 8
   CPU time: Sys=0:00:00.9, User=0:00:04.6
   Memory: 9.0G
   Disk usage: 252B
   Time elapsed: 0:00:08.1

TEST END: /opt/anaconda3/conda-bld/noarch/torchtuples-0.2.0-py_0.tar.bz2
Renaming work directory,  /opt/anaconda3/conda-bld/torchtuples_1587592152000/work  to  /opt/anaconda3/conda-bld/torchtuples_1587592152000/work_moved_torchtuples-0.2.0-py_0_linux-ppc64le_main_build_loop
# Automatic uploading is disabled
# If you want to upload package(s) to anaconda.org later, type:

anaconda upload /opt/anaconda3/conda-bld/noarch/torchtuples-0.2.0-py_0.tar.bz2

# To have conda build upload to anaconda.org automatically, use
# $ conda config --set anaconda_upload yes

anaconda_upload is not set.  Not uploading wheels: []
####################################################################################
Resource usage summary:

Total time: 0:01:17.3
CPU usage: sys=0:00:00.9, user=0:00:04.6
Maximum memory usage observed: 9.0G
Total disk usage observed (not including envs): 1.4K
